To honour the JVM settings for this build a single-use Daemon process will be forked. For more on this, please refer to https://docs.gradle.org/8.10.2/userguide/gradle_daemon.html#sec:disabling_the_daemon in the Gradle documentation.
Daemon will be stopped at the end of the build 
> Task :graviton-core:checkKotlinGradlePluginConfigurationErrors SKIPPED
> Task :graviton-core:processResources NO-SOURCE
> Task :graviton-core:detekt
> Task :graviton-core:loadKtlintReporters UP-TO-DATE
> Task :graviton-core:runKtlintCheckOverKotlinScripts UP-TO-DATE
> Task :graviton-core:ktlintKotlinScriptCheck UP-TO-DATE
> Task :graviton-core:runKtlintCheckOverTestSourceSet NO-SOURCE
> Task :graviton-core:ktlintTestSourceSetCheck SKIPPED
> Task :graviton-core:processTestResources NO-SOURCE
> Task :graviton-bukkit:loadKtlintReporters UP-TO-DATE
> Task :graviton-bukkit:runKtlintFormatOverKotlinScripts UP-TO-DATE
> Task :graviton-bukkit:ktlintKotlinScriptFormat UP-TO-DATE
> Task :graviton-bukkit:runKtlintFormatOverTestSourceSet NO-SOURCE
> Task :graviton-bukkit:ktlintTestSourceSetFormat SKIPPED

> Task :graviton-bukkit:detekt FAILED
C:\Users\xskid\OneDrive\Documents\Code\Ai projects\Antigravity\minecraft\Graviton\graviton-bukkit\src\main\kotlin\services\afroforge\graviton\emitter\EmitterManager.kt:141:22: The caught exception is too generic. Prefer catching specific exceptions to the case that is currently handled. [TooGenericExceptionCaught]
C:\Users\xskid\OneDrive\Documents\Code\Ai projects\Antigravity\minecraft\Graviton\graviton-bukkit\src\main\kotlin\services\afroforge\graviton\emitter\EmitterManager.kt:46:20: Use check() or error() instead of throwing an IllegalStateException. [UseCheckOrError]


> Task :graviton-bukkit:runKtlintFormatOverMainSourceSet
> Task :graviton-core:runKtlintCheckOverMainSourceSet
> Task :graviton-core:compileKotlin

FAILURE: Build failed with an exception.

* What went wrong:
Execution failed for task ':graviton-bukkit:detekt'.
> Analysis failed with 2 weighted issues.

* Try:
> Run with --stacktrace option to get the stack trace.
> Run with --info or --debug option to get more log output.
> Run with --scan to get full insights.
> Get more help at https://help.gradle.org.

BUILD FAILED in 45s
11 actionable tasks: 5 executed, 6 up-to-date
